<?xml version="1.0" encoding="UTF-8"?>
<!-- Generated by org.testng.reporters.JUnitReportReporter -->
<testsuite skipped="0" hostname="LAPTOP-5F3VFUI0" name="Acadmy.homeTest$home" tests="2" failures="0" timestamp="01 Nov 2019 13:30:20 GMT" time="31.106" errors="0">
  <testcase name="pagenavigation" time="17.128" classname="Acadmy.homeTest$home"/>
  <testcase name="pagenavigation" time="13.978" classname="Acadmy.homeTest$home"/>
</testsuite> <!-- Acadmy.homeTest$home -->
