<?xml version="1.0" encoding="UTF-8"?>
<!-- Generated by org.testng.reporters.JUnitReportReporter -->
<testsuite skipped="0" hostname="LAPTOP-5F3VFUI0" name="Acadmy.ValodationTest" tests="1" failures="0" timestamp="01 Nov 2019 13:30:20 GMT" time="9.651" errors="0">
  <testcase name="pagenavigation" time="9.651" classname="Acadmy.ValodationTest"/>
</testsuite> <!-- Acadmy.ValodationTest -->
