<?xml version="1.0" encoding="UTF-8"?>
<!-- Generated by org.testng.reporters.JUnitReportReporter -->
<testsuite hostname="LAPTOP-5F3VFUI0" name="Acadmy.homeTest" tests="2" failures="0" timestamp="1 Nov 2019 15:10:23 GMT" time="17.224" errors="0">
  <testcase name="pagenavigation" time="6.432" classname="Acadmy.homeTest"/>
  <testcase name="pagenavigation" time="10.792" classname="Acadmy.homeTest"/>
</testsuite> <!-- Acadmy.homeTest -->
