<?xml version="1.0" encoding="UTF-8"?>
<!-- Generated by org.testng.reporters.JUnitReportReporter -->
<testsuite hostname="LAPTOP-5F3VFUI0" name="Acadmy.ValodationTest" tests="1" failures="0" timestamp="1 Nov 2019 15:10:23 GMT" time="5.063" errors="0">
  <testcase name="pagenavigation" time="5.063" classname="Acadmy.ValodationTest"/>
</testsuite> <!-- Acadmy.ValodationTest -->
